60009
[1, 22, 64, 42, 43, 41, 56, 23, 49, 24, 18, 50, 25, 55, 31, 10, 58, 72, 39, 9, 32, 44, 3, 16, 63, 33, 6, 51, 17, 40, 12, 26, 67, 76, 75, 4, 68, 2, 74, 30, 48, 29, 45, 27, 52, 34, 46, 8, 35, 7, 53, 11, 38, 65, 66, 59, 14, 19, 54, 13, 57, 15, 5, 37, 20, 70, 60, 71, 69, 36, 47, 21, 61, 28, 62, 73]
[1, 2, 3, 4, 18, 19, 20, 27, 43, 46, 49, 50, 51, 56, 60, 61, 64, 65, 66, 67, 68, 72]
120015
[1, 22, 64, 42, 43, 41, 56, 23, 49, 24, 18, 50, 25, 55, 31, 10, 58, 72, 39, 9, 32, 44, 3, 16, 63, 33, 6, 51, 17, 40, 12, 26, 67, 76, 75, 4, 68, 2, 74, 30, 48, 29, 45, 27, 52, 34, 46, 8, 35, 7, 53, 11, 38, 65, 66, 59, 14, 19, 54, 13, 57, 15, 5, 37, 20, 70, 60, 71, 69, 36, 47, 21, 61, 28, 62, 73]
[1, 2, 3, 4, 18, 19, 20, 27, 43, 46, 49, 50, 51, 56, 60, 61, 64, 65, 66, 67, 68, 72]
180012
[1, 22, 64, 42, 43, 41, 56, 23, 49, 24, 18, 50, 25, 55, 31, 10, 58, 72, 39, 9, 32, 44, 3, 16, 63, 33, 6, 51, 17, 40, 12, 26, 67, 76, 75, 4, 68, 2, 74, 30, 48, 29, 45, 27, 52, 34, 46, 8, 35, 7, 53, 11, 38, 65, 66, 59, 14, 19, 54, 13, 57, 15, 5, 37, 20, 70, 60, 71, 69, 36, 47, 21, 61, 28, 62, 73]
[1, 2, 3, 4, 18, 19, 20, 27, 43, 46, 49, 50, 51, 56, 60, 61, 64, 65, 66, 67, 68, 72]
240012
[1, 22, 64, 42, 43, 41, 56, 23, 49, 24, 18, 50, 25, 55, 31, 10, 58, 72, 39, 9, 32, 44, 3, 16, 63, 33, 6, 51, 17, 40, 12, 26, 67, 76, 75, 4, 68, 2, 74, 30, 48, 29, 45, 27, 52, 34, 46, 8, 35, 7, 53, 11, 38, 65, 66, 59, 14, 19, 54, 13, 57, 15, 5, 37, 20, 70, 60, 71, 69, 36, 47, 21, 61, 28, 62, 73]
[1, 2, 3, 4, 18, 19, 20, 27, 43, 46, 49, 50, 51, 56, 60, 61, 64, 65, 66, 67, 68, 72]
300002
[1, 22, 64, 42, 43, 41, 56, 23, 49, 24, 18, 50, 25, 55, 31, 10, 58, 72, 39, 9, 32, 44, 3, 16, 63, 33, 6, 51, 17, 40, 12, 26, 67, 76, 75, 4, 68, 2, 74, 30, 48, 29, 45, 27, 52, 34, 46, 8, 35, 7, 53, 11, 38, 65, 66, 59, 14, 19, 54, 13, 57, 15, 5, 37, 20, 70, 60, 71, 69, 36, 47, 21, 61, 28, 62, 73]
[1, 2, 3, 4, 18, 19, 20, 27, 43, 46, 49, 50, 51, 56, 60, 61, 64, 65, 66, 67, 68, 72]
360017
[1, 22, 64, 42, 43, 41, 56, 23, 49, 24, 18, 50, 25, 55, 31, 10, 58, 72, 39, 9, 32, 44, 3, 16, 63, 33, 6, 51, 17, 40, 12, 26, 67, 76, 75, 4, 68, 2, 74, 30, 48, 29, 45, 27, 52, 34, 46, 8, 35, 7, 53, 11, 38, 65, 66, 59, 14, 19, 54, 13, 57, 15, 5, 37, 20, 70, 60, 71, 69, 36, 47, 21, 61, 28, 62, 73]
[1, 2, 3, 4, 18, 19, 20, 27, 43, 46, 49, 50, 51, 56, 60, 61, 64, 65, 66, 67, 68, 72]
420004
[1, 22, 64, 42, 43, 41, 56, 23, 49, 24, 18, 50, 25, 55, 31, 10, 58, 72, 39, 9, 32, 44, 3, 16, 63, 33, 6, 51, 17, 40, 12, 26, 67, 76, 75, 4, 68, 2, 74, 30, 48, 29, 45, 27, 52, 34, 46, 8, 35, 7, 53, 11, 38, 65, 66, 59, 14, 19, 54, 13, 57, 15, 5, 37, 20, 70, 60, 71, 69, 36, 47, 21, 61, 28, 62, 73]
[1, 2, 3, 4, 18, 19, 20, 27, 43, 46, 49, 50, 51, 56, 60, 61, 64, 65, 66, 67, 68, 72]
480013
[1, 22, 64, 42, 43, 41, 56, 23, 49, 24, 18, 50, 25, 55, 31, 10, 58, 72, 39, 9, 32, 44, 3, 16, 63, 33, 6, 51, 17, 40, 12, 26, 67, 76, 75, 4, 68, 2, 74, 30, 48, 29, 45, 27, 52, 34, 46, 8, 35, 7, 53, 11, 38, 65, 66, 59, 14, 19, 54, 13, 57, 15, 5, 37, 20, 70, 60, 71, 69, 36, 47, 21, 61, 28, 62, 73]
[1, 2, 3, 4, 18, 19, 20, 27, 43, 46, 49, 50, 51, 56, 60, 61, 64, 65, 66, 67, 68, 72]
540018
[1, 22, 64, 42, 43, 41, 56, 23, 49, 24, 18, 50, 25, 55, 31, 10, 58, 72, 39, 9, 32, 44, 3, 16, 63, 33, 6, 51, 17, 40, 12, 26, 67, 76, 75, 4, 68, 2, 74, 30, 48, 29, 45, 27, 52, 34, 46, 8, 35, 7, 53, 11, 38, 65, 66, 59, 14, 19, 54, 13, 57, 15, 5, 37, 20, 70, 60, 71, 69, 36, 47, 21, 61, 28, 62, 73]
[1, 2, 3, 4, 18, 19, 20, 27, 43, 46, 49, 50, 51, 56, 60, 61, 64, 65, 66, 67, 68, 72]
599971
[1, 22, 64, 42, 43, 41, 56, 23, 49, 24, 18, 50, 25, 55, 31, 10, 58, 72, 39, 9, 32, 44, 3, 16, 63, 33, 6, 51, 17, 40, 12, 26, 67, 76, 75, 4, 68, 2, 74, 30, 48, 29, 45, 27, 52, 34, 46, 8, 35, 7, 53, 11, 38, 65, 66, 59, 14, 19, 54, 13, 57, 15, 5, 37, 20, 70, 60, 71, 69, 36, 47, 21, 61, 28, 62, 73]
[1, 2, 3, 4, 18, 19, 20, 27, 43, 46, 49, 50, 51, 56, 60, 61, 64, 65, 66, 67, 68, 72]
