60014
[1, 63, 6, 49, 90, 19, 75, 92, 8, 42, 89, 31, 80, 56, 97, 4, 65, 26, 66, 70, 22, 94, 16, 88, 53, 79, 18, 24, 38, 99, 36, 84, 10, 72, 21, 74, 59, 17, 15, 11, 32, 45, 91, 98, 23, 77, 60, 62, 35, 86, 27, 12, 20, 57, 9, 7, 55, 83, 34, 29, 46, 43, 3, 14, 71, 41, 100, 48, 30, 39, 96, 78, 52, 5, 37, 33, 76, 13, 95, 82, 85, 68, 73, 50, 44, 2, 54, 40, 64, 69, 81, 25, 87, 51, 61, 58, 67, 28, 93, 47]
[1, 2, 3, 4, 19, 20, 24, 27, 43, 46, 49, 50, 51, 56, 57, 60, 63, 65, 66, 67, 68, 84, 85, 86, 87, 92]
120010
[1, 63, 6, 49, 90, 19, 75, 92, 8, 42, 89, 31, 80, 56, 97, 4, 65, 26, 66, 70, 22, 94, 16, 88, 53, 79, 18, 24, 38, 99, 36, 84, 10, 72, 21, 74, 59, 17, 15, 11, 32, 45, 91, 98, 23, 77, 60, 62, 35, 86, 27, 12, 20, 57, 9, 7, 55, 83, 34, 29, 46, 43, 3, 14, 71, 41, 100, 48, 30, 39, 96, 78, 52, 5, 37, 33, 76, 13, 95, 82, 85, 68, 73, 50, 44, 2, 54, 40, 64, 69, 81, 25, 87, 51, 61, 58, 67, 28, 93, 47]
[1, 2, 3, 4, 19, 20, 24, 27, 43, 46, 49, 50, 51, 56, 57, 60, 63, 65, 66, 67, 68, 84, 85, 86, 87, 92]
180026
[1, 63, 6, 49, 90, 19, 75, 92, 8, 42, 89, 31, 80, 56, 97, 4, 65, 26, 66, 70, 22, 94, 16, 88, 53, 79, 18, 24, 38, 99, 36, 84, 10, 72, 21, 74, 59, 17, 15, 11, 32, 45, 91, 98, 23, 77, 60, 62, 35, 86, 27, 12, 20, 57, 9, 7, 55, 83, 34, 29, 46, 43, 3, 14, 71, 41, 100, 48, 30, 39, 96, 78, 52, 5, 37, 33, 76, 13, 95, 82, 85, 68, 73, 50, 44, 2, 54, 40, 64, 69, 81, 25, 87, 51, 61, 58, 67, 28, 93, 47]
[1, 2, 3, 4, 19, 20, 24, 27, 43, 46, 49, 50, 51, 56, 57, 60, 63, 65, 66, 67, 68, 84, 85, 86, 87, 92]
240021
[1, 63, 6, 49, 90, 19, 75, 92, 8, 42, 89, 31, 80, 56, 97, 4, 65, 26, 66, 70, 22, 94, 16, 88, 53, 79, 18, 24, 38, 99, 36, 84, 10, 72, 21, 74, 59, 17, 15, 11, 32, 45, 91, 98, 23, 77, 60, 62, 35, 86, 27, 12, 20, 57, 9, 7, 55, 83, 34, 29, 46, 43, 3, 14, 71, 41, 100, 48, 30, 39, 96, 78, 52, 5, 37, 33, 76, 13, 95, 82, 85, 68, 73, 50, 44, 2, 54, 40, 64, 69, 81, 25, 87, 51, 61, 58, 67, 28, 93, 47]
[1, 2, 3, 4, 19, 20, 24, 27, 43, 46, 49, 50, 51, 56, 57, 60, 63, 65, 66, 67, 68, 84, 85, 86, 87, 92]
300034
[1, 63, 6, 49, 90, 19, 75, 92, 8, 42, 89, 31, 80, 56, 97, 4, 65, 26, 66, 70, 22, 94, 16, 88, 53, 79, 18, 24, 38, 99, 36, 84, 10, 72, 21, 74, 59, 17, 15, 11, 32, 45, 91, 98, 23, 77, 60, 62, 35, 86, 27, 12, 20, 57, 9, 7, 55, 83, 34, 29, 46, 43, 3, 14, 71, 41, 100, 48, 30, 39, 96, 78, 52, 5, 37, 33, 76, 13, 95, 82, 85, 68, 73, 50, 44, 2, 54, 40, 64, 69, 81, 25, 87, 51, 61, 58, 67, 28, 93, 47]
[1, 2, 3, 4, 19, 20, 24, 27, 43, 46, 49, 50, 51, 56, 57, 60, 63, 65, 66, 67, 68, 84, 85, 86, 87, 92]
360006
[1, 63, 6, 49, 90, 19, 75, 92, 8, 42, 89, 31, 80, 56, 97, 4, 65, 26, 66, 70, 22, 94, 16, 88, 53, 79, 18, 24, 38, 99, 36, 84, 10, 72, 21, 74, 59, 17, 15, 11, 32, 45, 91, 98, 23, 77, 60, 62, 35, 86, 27, 12, 20, 57, 9, 7, 55, 83, 34, 29, 46, 43, 3, 14, 71, 41, 100, 48, 30, 39, 96, 78, 52, 5, 37, 33, 76, 13, 95, 82, 85, 68, 73, 50, 44, 2, 54, 40, 64, 69, 81, 25, 87, 51, 61, 58, 67, 28, 93, 47]
[1, 2, 3, 4, 19, 20, 24, 27, 43, 46, 49, 50, 51, 56, 57, 60, 63, 65, 66, 67, 68, 84, 85, 86, 87, 92]
420016
[1, 63, 6, 49, 90, 19, 75, 92, 8, 42, 89, 31, 80, 56, 97, 4, 65, 26, 66, 70, 22, 94, 16, 88, 53, 79, 18, 24, 38, 99, 36, 84, 10, 72, 21, 74, 59, 17, 15, 11, 32, 45, 91, 98, 23, 77, 60, 62, 35, 86, 27, 12, 20, 57, 9, 7, 55, 83, 34, 29, 46, 43, 3, 14, 71, 41, 100, 48, 30, 39, 96, 78, 52, 5, 37, 33, 76, 13, 95, 82, 85, 68, 73, 50, 44, 2, 54, 40, 64, 69, 81, 25, 87, 51, 61, 58, 67, 28, 93, 47]
[1, 2, 3, 4, 19, 20, 24, 27, 43, 46, 49, 50, 51, 56, 57, 60, 63, 65, 66, 67, 68, 84, 85, 86, 87, 92]
480032
[1, 63, 6, 49, 90, 19, 75, 92, 8, 42, 89, 31, 80, 56, 97, 4, 65, 26, 66, 70, 22, 94, 16, 88, 53, 79, 18, 24, 38, 99, 36, 84, 10, 72, 21, 74, 59, 17, 15, 11, 32, 45, 91, 98, 23, 77, 60, 62, 35, 86, 27, 12, 20, 57, 9, 7, 55, 83, 34, 29, 46, 43, 3, 14, 71, 41, 100, 48, 30, 39, 96, 78, 52, 5, 37, 33, 76, 13, 95, 82, 85, 68, 73, 50, 44, 2, 54, 40, 64, 69, 81, 25, 87, 51, 61, 58, 67, 28, 93, 47]
[1, 2, 3, 4, 19, 20, 24, 27, 43, 46, 49, 50, 51, 56, 57, 60, 63, 65, 66, 67, 68, 84, 85, 86, 87, 92]
540007
[1, 63, 6, 49, 90, 19, 75, 92, 8, 42, 89, 31, 80, 56, 97, 4, 65, 26, 66, 70, 22, 94, 16, 88, 53, 79, 18, 24, 38, 99, 36, 84, 10, 72, 21, 74, 59, 17, 15, 11, 32, 45, 91, 98, 23, 77, 60, 62, 35, 86, 27, 12, 20, 57, 9, 7, 55, 83, 34, 29, 46, 43, 3, 14, 71, 41, 100, 48, 30, 39, 96, 78, 52, 5, 37, 33, 76, 13, 95, 82, 85, 68, 73, 50, 44, 2, 54, 40, 64, 69, 81, 25, 87, 51, 61, 58, 67, 28, 93, 47]
[1, 2, 3, 4, 19, 20, 24, 27, 43, 46, 49, 50, 51, 56, 57, 60, 63, 65, 66, 67, 68, 84, 85, 86, 87, 92]
599953
[1, 63, 6, 49, 90, 19, 75, 92, 8, 42, 89, 31, 80, 56, 97, 4, 65, 26, 66, 70, 22, 94, 16, 88, 53, 79, 18, 24, 38, 99, 36, 84, 10, 72, 21, 74, 59, 17, 15, 11, 32, 45, 91, 98, 23, 77, 60, 62, 35, 86, 27, 12, 20, 57, 9, 7, 55, 83, 34, 29, 46, 43, 3, 14, 71, 41, 100, 48, 30, 39, 96, 78, 52, 5, 37, 33, 76, 13, 95, 82, 85, 68, 73, 50, 44, 2, 54, 40, 64, 69, 81, 25, 87, 51, 61, 58, 67, 28, 93, 47]
[1, 2, 3, 4, 19, 20, 24, 27, 43, 46, 49, 50, 51, 56, 57, 60, 63, 65, 66, 67, 68, 84, 85, 86, 87, 92]
